INFO: Started processing current batch...
>INFO: Successfully processed: IMG_00088.JPG. Results: 27 MEMORY ADAMS JOSEPH OF 20 US JR KOREA EN2 1933 JUN NAVY IN NOV 1 994 AUC 1994 VAN171920 DANIF WALTF IN MEMOI WORID WAN LAROCH USNAVY + MOMAI G
>INFO: Successfully processed: IMG_00032.JPG. Results: CHARLES SR ARMY HENRY MAR WORLD WAR US OCT SCT 1896 1982 L CRAIG JOSEPHI 6 LARUSSO WILLIAM AIC
>INFO: Successfully processed: IMG_00125.JPG. Results: ZIMMER MEMORY COAST KARL OF US 1995 KOREA GUARD SEP DEC SN 13 IN 1934 R 3
>INFO: Successfully processed: IMG_00050.JPG. Results: BESSETTE 30 APR HORMIDAS 1992 1892 PFC US ARMY WORLD 13 NOV WAR
>INFO: Successfully processed: IMG_00057.JPG. Results: RITZENDOLLAR LRYCK PVT SEP 14 1992 WORLD 1898 JAN WAR ARMY US
>INFO: Successfully processed: IMG_00008.JPG. Results: JOHNSON THOMAS SGT WAR US ARMY 1988 WORLD JUL 190 JUL 3 I 1 N
>INFO: Successfully processed: IMG_00102.JPG. Results: 28 25 OF OF WAR BILLY MEMORYI MONTCOMERY 1995 NAVY WAR US SM JUN 1921 JUN WORLD PRISONER IN EMBREY 11 EY
>INFO: Successfully processed: IMG_00075.JPG. Results: CLAYTONI 29 WAR PVT ARMY US WORLD FEB 1896 NOV 13 1994 PAUL J
>INFO: Successfully processed: IMG_00061.JPG. Results: 28 SALVATORE MOORE US JAN 1992 WAR 10 ARMY 1897 WORLD AUG PVT E
>INFO: Successfully processed: IMG_00016.JPG. Results: 29 27 HUSTON WAR JUN US PVT 1898 ARMY PYGMANI WORLD ENCE CLAR 1988 PX CLARENCE I NOV
>INFO: Successfully processed: IMG_00091.JPG. Results: WAR CAPT US NAVY MEMORY SEP 1921 SUNDBERGI DANIEL WORLD 1994 KOREA OF 11 VIETNAM 11 IN AUG 11 G RD AXA
>INFO: Successfully processed: IMG_00086.JPG. Results: MEMORY 20 OF US IST 1915 LT GALLACHER 1990 IN WAR JAN AUG THOMAS ARMY 10 WORLD G NO 11
>INFO: Successfully processed: IMG_00124.JPG. Results: SR NEAR WAR 27 WORLD US OF MEMORY MARINE CORPS 1995 NOV MAY 1922 CPL 17 IN W I GERALD
>INFO: Successfully processed: IMG_00028.JPG. Results: LUDLUM GIBB BENJAMINI MAY WAR US NOV WORLD 31 ARMY PVT 1988 JOHN 1894 2 I
>INFO: Successfully processed: IMG_00039.JPG. Results: 28 20 WEATHERWAXI WAR MAR AUG SCT 1975 1895 US WORLD ARMY JOHN L I
>INFO: Successfully processed: IMG_00093.JPG. Results: OF 22 MEMORYI BUSCHNER CPU 30 WAR US 1908 WILLIAM 1986 JUU ARMY WORLD IN AUG
>INFO: Successfully processed: IMG_00109.JPG. Results: AIR MEMORYI BLECHAR WAR US OF CORPS PFC HENRY ARMY UUN IN WORLD 30 1923 II S 1995
>INFO: Successfully processed: IMG_00045.JPG. Results: 20 JOHN ANTUONO US MAR CPL MAR WAR ARMY WORLD 1992 M I 15:1894
>INFO: Successfully processed: IMG_00046.JPG. Results: WAR 20 DEC ZIMMERMAN WORLD US 16 SCT 1893 WESLEY ARMY 1990 AUG U I
>INFO: Successfully processed: IMG_00062.JPG. Results: 22 KIRLEM WILLIAM JUL US 1991 1898 ARMY WAR WORLD PVT OCT 3
>INFO: Successfully processed: IMG_00001.JPG. Results: EGAN FRANK WAR US PV ARMY 1988 10 FEB 1898 WORLD DEC 8
>INFO: Successfully processed: IMG_00069.JPG. Results: APR 1913 WAR FRIEDA 1995 US 31 ARMY SGT M AUG M WORLD KOREA LAMBRECTI 4 II AONG JAN WEN
>INFO: Successfully processed: IMG_00052.JPG. Results: 20 MCCANN APR WAR S2 US NAVY SEP 12 CEORGE 1899 1991 P WORLD
>INFO: Successfully processed: IMG_00114.JPG. Results: MEMORY FINLEY OF CAPT SEP WAR FERBER 1987 JR 1909 IN WORLD ARMY US MAY A 4 4
>INFO: Successfully processed: IMG_00011.JPG. Results: ARTHUR AS APR US 18 WAR 1988 ABRAMSONI 1900 NAVY WORLD AUG
>INFO: Successfully processed: IMG_00022.JPG. Results: EDWARDI 22 WAR US HOYT APR NOV 2ND ARMY CPL WORLD 1903 A US LT 区 ARMY 1989
>INFO: Successfully processed: IMG_00137.JPG. Results: MEMORYI SR OF WAR ARMY WORLD PETER US TEC JAN 1919 IN 1996 JAN NADZEIKA 4 5 II I
>INFO: Successfully processed: IMG_00063.JPG. Results: SR BONA ANGELO US 28 P T T APR WAR 1894 ARMY MAR WORLD 1994 6
>INFO: Successfully processed: IMG_00110.JPG. Results: EUGENE 26 OF 23 MEMORY US MAR APR SGT WAR ARMY WORLD B IN 1893 FRICKS 1976 MORY t RYFR
>INFO: Successfully processed: IMG_00095.JPG. Results: OF MEMORYI EDWARD KNOWLES US 1991 RAY WAR DEC IN WORLD PTR 17 NAVY 1925 JUU
>INFO: Successfully processed: IMG_00013.JPG. Results: BLUMI 15 US JAN 1895 1989 WORLD PVT JAN ARMY Z MAX WAR
>INFO: Successfully processed: IMG_00051.JPG. Results: 22 MAR ARTHURI REED PFC ARMY 1991 US SEP 1894 WORLD 5 WAR D
>INFO: Successfully processed: IMG_00100.JPG. Results: 22 CLIFTON OF MEMORY JONES SGT RICHARD US WAR APR MAY 1921 ARMY IN WORLD  31 1995 S 201909  DRY OT
>INFO: Successfully processed: IMG_00082.JPG. Results: 27 JOSEPH LENTSCHI CHARLES MEMORY KOREA US 1926 OF RMCS 15 IN 1983 JAN MAY VIETNAM NAVY WW
>INFO: Successfully processed: IMG_00055.JPG. Results: 29 23 US JOHN FEB WAR ARMY JAN PVT 1898 DWYER WORLD 1992 /
>INFO: Successfully processed: IMG_00041.JPG. Results: RICHARD 21 PFC 13 WAR FEB US ARMY FEB WORLD 1896 ASHBY 1972 S I
>INFO: Successfully processed: IMG_00009.JPG. Results: 24 ROOKE 19 WAR CPL JUL WORLD APR 1988 1895 US JOHN ARMY I E
>INFO: Successfully processed: IMG_00117.JPG. Results: ROBERT MEMORY CAPLE WAR US SGT OF 13 IN 1985 WORLD ARMY JUL T JAN 1921 I 9
>INFO: Successfully processed: IMG_00064.JPG. Results: AIR STEPHENI PERSIAN FORCE FATHER COOK LOVING CULF JAMES 1957 US HUSBANDI DEC SEP AND 2014 SMSCT II PODRICI  6 BRLD WAD SAMH SI AY 29 199
>INFO: Successfully processed: IMG_00053.JPG. Results: 1992 JOHN JUN HARRIS JUL WORLD WAR 1892 US PVT ARMY 10 WESLEYI 3 W
>INFO: Successfully processed: IMG_00104.JPG. Results: ROBERT OF MEMORY COLLETTE US SA COAST VINCENT 99 1956 GUARD IN VIETNAMI 10 APR 5 IUL SOLAS HACH MONY +
>INFO: Successfully processed: IMG_00090.JPG. Results: 27 OF ROBERT MEMORY SGT 28 US 1988 1920 IN OCT MAY WORLD WAR ARMY M EEN 993 GR F LLO  1921 pH I
>INFO: Successfully processed: IMG_00101.JPG. Results: OF MEMORYI US LEO 18 SH NAVY JAN IN KOREA 18 1993 AUG UBIN VIETNAM H A 1934  worin
>INFO: Successfully processed: IMG_00089.JPG. Results: 29 19.28 MEMORY OF VIETNAM SNIDER KOREA IN AUG CPO NOV RAY 1994 4 EDWIN USNAVY FDWARD KNOWI RAY US UNAN
>INFO: Successfully processed: IMG_00085.JPG. Results: 26 MEMORY SN OF RICHARD US PAUU VIETNAM 1994 MOELWEE NAVY IN AUC 1947 LERON AUG NOUS   EE RORE A
>INFO: Successfully processed: IMG_00119.JPG. Results: MEMORYI STANLEY WAR OF ARMY APR US 1985 FEB HART 1926 IN 27 TEC WORLD 5 R ll 9
>INFO: Successfully processed: IMG_00049.JPG. Results: 27 30 SHEETS DEC RAY SEP PFC 1979 1897 WORLD CLARENCE US WAR ARMY I
>INFO: Successfully processed: IMG_00043.JPG. Results: 20 ZWICKERI APR US OCT ARMY 1899 WAR WORLD 1992 OTTO PVT T I
>INFO: Successfully processed: IMG_00059.JPG. Results: 29 MELTON APR CPL 16 US BURLEY 1992 1896 WORLD ARMY AUG WAR
>INFO: Successfully processed: IMG_00020.JPG. Results: LEROY ARMY QUICK 16 APR WORLD US IST LT 16 1988 OCT WAR 1900 II + I
>INFO: Successfully processed: IMG_00065.JPG. Results: STEPHENI COOK AIR FORCE HUSBANDI JAMES SEP PERSIAN LOVING CULF FATHER US DEC 1957 SMSCT AND 2014 LI 6
>INFO: Successfully processed: IMG_00103.JPG. Results: 22 TAYLOR MEMORYI OF FRANCIS AIR 1995 US 1943 UUN NOV 13 IN M A20 FORCE VIETNAM II
>INFO: Successfully processed: IMG_00066.JPG. Results: 20 US 26 SFC WAR APR NOV ARTHUR 1994 WORLD 1894 ARMY BIDWELL 租 MA A US ELL / L
>INFO: Successfully processed: IMG_00048.JPG. Results: 28 28 CUNNINGHAM FEB FEB 1991 PVT 1896 ARMY WORLD WALTERI US WAR J I
>INFO: Successfully processed: IMG_00047.JPG. Results: KANARA 27 WAR JOHN JUN SEP 1895 ARMY 1991 US WORLD PVT 2
>INFO: Successfully processed: IMG_00054.JPG. Results: JOHN WAR MAY BREJACK US NOY WORLD PYT ARMY 1991 31 1892
>INFO: Successfully processed: IMG_00080.JPG. Results: 25 MEMORYI CHARLES LT OF WAR IST APR 191 US WORLD 10 NOV ARMY LEWIS IN FRANK 1994 II
>INFO: Successfully processed: IMG_00025.JPG. Results: EARL COAST JUN HENRY PATTERSONI WORLD US FEB GUARD 197 13 BM2 1898 WAR
>INFO: Successfully processed: IMG_00107.JPG. Results: MEMORY THOMAS SSGT OF PAYNE KOREA US 16 FORCE 1931 IN AIR JUN AUG VIETNAM 1994 12 RONAL CIETNAM GRANG
>INFO: Successfully processed: IMG_00099.JPG. Results: OF MEMORYI WAR US KING RALPH 1995 MAY MAY 17 ENC WORLD NAVY IN 1920 E 2
>INFO: Successfully processed: IMG_00094.JPG. Results: 22 EDMONDSON OF MEMORY APR US 1910 1995 12 MAR ARMY WAR IN WORLD PVT AJ
>INFO: Successfully processed: IMG_00060.JPG. Results: 28 US JUN WAR MAR ARMY ANDREWS 1992 WORLD PVT 10 PAUL 1898 
>INFO: Successfully processed: IMG_00010.JPG. Results: 23 ALEXANDER ROBERTS MIGUEL JUL WORLD US 1895 WAR LT ARMY 1988 COL 13 OCT
>INFO: Successfully processed: IMG_00058.JPG. Results: ROBERTS 29 WILLIE SEP US FEB ARMY PVT WAR WORLD 1992 I
>INFO: Successfully processed: IMG_00106.JPG. Results: WAR US AIR THOMASY US MEMORY PRINGLE PFC SR PVT ARMY OF 1995 IN 16 MAR 31 WORLD MAY ARMY CORPS 1921 M 11
>INFO: Successfully processed: IMG_00077.JPG. Results: WAR THEE HARRY WEBER LOVE 18 US CPL HOW 1917 MAR JUL WORLD ARMY ll 1994 II DOI
>INFO: Successfully processed: IMG_00076.JPG. Results: ROBERTSONI 23 PFO US MAR WAR ARMY LONNIE 15 FEB WORLD 1995 T 1896
>INFO: Successfully processed: IMG_00092.JPG. Results: OF AIR MEMORY DALE DAVIS US COU WAR 1920 JUU FEB KOREA WORLD IN DISTINGUISHED FLYING II HEART FORCE CROSS PURPLE 1994 VIETNAM 3 D I
>INFO: Successfully processed: IMG_00030.JPG. Results: YOUNGI MAR WAR 27 MAJ ARMY US WORLD OLIVERI AUC KOREA 1899 IL 1989 IGI HIRAM HIR AM
>INFO: Successfully processed: IMG_00136.JPG. Results: MEMORYI US OF JUN JAN FRYER ARMY IN VIETNAM PAUL SP4 T 1996 3 1943 6
>INFO: Successfully processed: IMG_00108.JPG. Results: MEMORY WAR OF HEARD 18 1995 US PFC 19 JUN ARMY 1924 WORLD JUL IN E ENCE IL LAWR LAWRENCE
>INFO: Successfully processed: IMG_00087.JPG. Results: MEMORY 1992 US AIR WILLIAM US 19 1927 OF KING KOREA MAY SSGT MAR PVT IN VIETNAM CE IJ R FOR ARMY 7 BUSCH WILI WORLO A USAN 
>INFO: Successfully processed: IMG_00044.JPG. Results: 23 ALBERT JAN CRL ARMY US 1992 1892 WAR BRODEUR OCT WORLD 2 I
>INFO: Successfully processed: IMG_00056.JPG. Results: SIDNEY 30 PETT WAR MAY FEB US 1887 19 ARMY PYT WORLD 1992 TUCHE KAY CARE REWAN P  KORE 
>INFO: Successfully processed: IMG_00112.JPG. Results: 25 MEMORYI OF US GM3 WILLARD WAR 1926 PAEPLOW 1993 UUN IN NAVY WORLD 22 APR  K 95 RI II
>INFO: Successfully processed: IMG_00116.JPG. Results: 23 30 LEROY STINSON OF US PFC AUC 2007 MELVIN FATHER 1937 ARMY NOV MEMORY LOVINC AND HUSBAND IN
>INFO: Successfully processed: IMG_00004.JPG. Results: JOHN US 16 1898 DEC WORLD PVT ARMY 1988 OCT MACKAS AS II WAR
>INFO: Successfully processed: IMG_00083.JPG. Results: OF 26 WAR LAMARRI MEMORYI US MOORE JAMES DEC 1994 JUN ARMY 1923 14 KOREA WORLD IN JOR II ONARD   MA 专业 +
>INFO: Successfully processed: IMG_00015.JPG. Results: FRANCIS US 19 M ARMY WORLD JAN SGT GER JAN WARILIN 1900 OULD C 1989 WAR
>INFO: Successfully processed: IMG_00122.JPG. Results: 28 JR WAR MEMORY DOOLEY DEC CHARLES US 1927 OF AUG 1995 TEC 17 WORLD ARMY IN 5 II J
>INFO: Successfully processed: IMG_00014.JPG. Results: FELIX WAR US SEP 1988 ARMY 15 PVT 1895 NOV WORLD 17 A PRENDOTA I PR
>INFO: Successfully processed: IMG_00038.JPG. Results: DEC MAR US WAR CLARENCE 18 CPL WORLD ARMY 1894 OSTRANDER 4 L 41992 I
>INFO: Successfully processed: IMG_00036.JPG. Results: MARBURYI 27 SEP THOMAS MAR WORLD US ARMY CPL SR 1897 1989 13 WAR K
>INFO: Successfully processed: IMG_00105.JPG. Results: CHAMBERSI BUD OF MEMORY DEAR 1995 MAR 1926 HAROLD MAY 15 IN MM3 WORLD US WAR NAVY 4 II G
>INFO: Successfully processed: IMG_00118.JPG. Results: 27 ZAVADA US JOSEPH LEROY WAR OF 1926 ARMY MEMORY SCT NOV 23 IN WORLD EB II
>INFO: Successfully processed: IMG_00035.JPG. Results: WAR WILLIAM PITTS MCKINLEYI JAN US WORLD MAR 1989 31 ARMY 1897 PVT 10
>INFO: Successfully processed: IMG_00072.JPG. Results: REPKIE CPL US NOV CHARLES WAR JUN 1994 ARMY WORLD 1896 L / 3
>INFO: Successfully processed: IMG_00029.JPG. Results: LUCAS ALEXANDER MAR WAR US 1989 JR JUN SGT ARMY 1893 WORLD 2 I TOMATO
>INFO: Successfully processed: IMG_00115.JPG. Results: 28 STEBBINS OF CPL MEMORY HENRY 1995 1933 US APR KOREA ARMY IN JUL A 6
>INFO: Successfully processed: IMG_00074.JPG. Results: ALLEN EUGENE PFC 28 30 DAVIS WAR 1893 WORLD 1994 NOV NOV US ARMY ACERDA ALDINO PRER BARANY TET POA EV
>INFO: Successfully processed: IMG_00123.JPG. Results: MARINE 27 23 CORPS MEMORYI OF US 1950 1995 BOOTH NOV WILLIAM VIETNAM MAY IN PVT
>INFO: Successfully processed: IMG_00040.JPG. Results: 23 RALPH WAR US JAN BLOOM WORLD MAR ARMY 1992 PV 1898 7 I
>INFO: Successfully processed: IMG_00017.JPG. Results: 22 CARSON 24 HARRY SEP US ARMY JAN 1897 SGT WORLD WAR 1989
>INFO: Successfully processed: IMG_00006.JPG. Results: 25 ALPHONSO JONES MAY ARMY 1963 SFC US 18 FEB WAR 1896 WORLD I I I
>INFO: Successfully processed: IMG_00081.JPG. Results: CLOUGHI US JR ROCKY MEMORY MARINE ARTHUR 1958 PFC SEP 31 1994 OF MAY CORPS IN 3
>INFO: Successfully processed: IMG_00034.JPG. Results: NASSO GIOSUE DEC JUN WAR WORLD ARMY US 12 PVT 1961 1894 3
>INFO: Successfully processed: IMG_00007.JPG. Results: GOINS 25 RUFE PVT SEP US DEC 1988 23 ARMY WAR MORLD 1894
>INFO: Successfully processed: IMG_00070.JPG. Results: 28 WAR HARRY US 1916 1995 ARMY GITTLEMANI WORLD OCT MAY PVT I 4
>INFO: Successfully processed: IMG_00068.JPG. Results: JOHN BORRIS WAR US BORDER 189 FEB ARMY MEXICANI WORLD JUN ll 1994 01 / 3 I 
-INFO: Successfully processed: IMG_00067.JPG. Results: LEONETTI CHARLES WAR US 1895 MAJ 1994 WORLD ARMY JAN JUN ALPH ON 28 2002 OSEPH TEC /1  3 ENENTS UD VETERA USARY PRLD WAR 9 GRONVILL
>INFO: Successfully processed: IMG_00126.JPG. Results: DAYTONI MEMORYI OF 1995 ROBERT BT3 US MAY 30 10 NAVY IN VIETNAM JUN 1947 C
>INFO: Successfully processed: IMG_00023.JPG. Results: 27 FEB US AUG WOLE 15 WAR 1896 1989 PFO FRED WORLD ARMY DONA J I MAR ATC VIE JO
>INFO: Successfully processed: IMG_00042.JPG. Results: 25 AGULE SEP JOSEPH SEP US 1991 ARMY PVE WAR WORLD 2
>INFO: Successfully processed: IMG_00138.JPG. Results: 29 WAR POOLE MEMORYI LELAND WORLD US QMC JAN 1995 OF NOV 1922 KOREA NAVY IN 4 II C
>INFO: Successfully processed: IMG_00111.JPG. Results: MEMORYI NAPOLI OF US WAR SEP NICHOLAS 1921 S1 WORLD 15 IN OCT 1993 NAVY G II 6
>INFO: Successfully processed: IMG_00084.JPG. Results: ROGERSI WAR MEMORY 1993 US WALTER BMC 1923 APR KOREA NAVY IN JR OF WORLD 11 MAR 7 GEORI I 
>INFO: Successfully processed: IMG_00021.JPG. Results: ROBERTI 29 LEONARD FEB WORLD US ARMY WAR 1896 17 NOV GERLACHI PVT W 1993 PAUL I
>INFO: Successfully processed: IMG_00113.JPG. Results: CONNOLLYI US WAR MEMORY OF 1995 MARINE WORLD EDWARD CPL 1922 SEP OCT IN CORPS 31 P I 7
>INFO: Successfully processed: IMG_00096.JPG. Results: OF WAR US MEMORY SANTULLO PFC JOSEPH WORLD 16 1921 AUG JOHN 1993 ARMY TN NOV 9 II
>INFO: Successfully processed: IMG_00026.JPG. Results: OTTO WILLIAM WAR l7 1988 WORLD GRUPP NOV NAVY US APR F2 1901 I 1
>INFO: Successfully processed: IMG_00098.JPG. Results: OF JR ELMER 29 MARINE DENICO OUR US KOREA MEMORY CORPS SSCT 1928 HEARTS ALWAYS FEB 2002 MAY 17 N IN VIETNAM B
>INFO: Successfully processed: IMG_00073.JPG. Results: LYNN WILLIAM DAVIS WORLD 1902 12 US 1994 OCT 18 NAVY NOV EMC + WAR
>INFO: Successfully processed: IMG_00071.JPG. Results: THEODORE WORLD 1892 MAY ARMY WHITE US 15 MAY 1995 II WARI PYT 
>INFO: Successfully processed: IMG_00079.JPG. Results: JOSEPH MIMS MEMORYI 27 US OF 1933 MARINE CPL TN CORPS M MAR KOREA JAN11994
>INFO: Successfully processed: IMG_00097.JPG. Results: 22 PURTEE MEMORY WAR US ENC OF NOV NOV KOREA NAVY 1925 15 1994 WORLD DENVER IN I
>INFO: Successfully processed: IMG_00012.JPG. Results: 28 RAYMOND EARL SUITER JUN US CEM NAVY WORLD WAR JAN 1896 1989 ll OTT TAXI I
>INFO: Successfully processed: IMG_00019.JPG. Results: 28 SEP MARY US SUTHERLAND WORLD NOV 1988 NAVY 1895 WAR C Y1
>INFO: Successfully processed: IMG_00018.JPG. Results: CHARLES 20 JAMES WAR SEP US MCLARENI NAVY 1988 WORLD MAY 1891 MMI 17 TST US I
INFO: Finished processing current image set. Time taken: 1019.06s
