INFO: Successfully processed: IMG_1786.JPG. Results: ROLA TREDERISK CPL BANGAN
INFO: Successfully processed: IMG_1739.JPG. Results: CHIC CAFT BURKETY DINO
INFO: Successfully processed: IMG_1738.JPG. Results: BUSHUNE CHATS 90 DUS
INFO: Successfully processed: IMG_1816.JPG. Results: 
INFO: Successfully processed: IMG_1791.JPG. Results: BURUTANT HADEL
INFO: Successfully processed: IMG_1842.JPG. Results: NO MOSES HENR JEBCARTWRICHT 862
INFO: Successfully processed: IMG_1829.JPG. Results: JOHN STAGR MASS 104
INFO: Successfully processed: IMG_1691.JPG. Results: MULIT SHOOTERS WALTER SHARP IUS
INFO: Successfully processed: IMG_1702.JPG. Results: ME LEDEL SINEEN JAGERI
INFO: Successfully processed: IMG_1757.JPG. Results: GUBL U.S.A MON 17
INFO: Successfully processed: IMG_1685.JPG. Results: WIS EREICK WANG ALISE
INFO: Successfully processed: IMG_1764.JPG. Results: CICHANDS PAL 66
INFO: Successfully processed: IMG_1760.JPG. Results: SOANTON OBRE MD 168
INFO: Successfully processed: IMG_1852.JPG. Results: 
INFO: Successfully processed: IMG_1781.JPG. Results: SEATE OBO HAMMERI MICHIGAN HAROLD W A                           MARCH  11666 FEBRUARY
INFO: Successfully processed: IMG_1748.JPG. Results: DANIC SOOTT 24
INFO: Successfully processed: IMG_1806.JPG. Results: 
INFO: Successfully processed: IMG_1846.JPG. Results: LLLL BENJAMIN 29 186 OS FVE AUE ARMY J
INFO: Successfully processed: IMG_1838.JPG. Results: ORJO
INFO: Successfully processed: IMG_1808.JPG. Results: GANKER TUURER
INFO: Successfully processed: IMG_1710.JPG. Results: ME TRER MURFRY DIO
INFO: Successfully processed: IMG_1795.JPG. Results: ELL
INFO: Successfully processed: IMG_1866.JPG. Results: TWINING UOHN 221 PA
INFO: Successfully processed: IMG_1736.JPG. Results: IMOUCAN SHALICOK WONGOR
INFO: Successfully processed: IMG_1708.JPG. Results: OPA VURERY SWO
INFO: Successfully processed: IMG_1761.JPG. Results: OHIO DERSIN
INFO: Successfully processed: IMG_1767.JPG. Results: DEMON CORPA
INFO: Successfully processed: IMG_1701.JPG. Results: OHIO BELIS NERER BAIN
INFO: Successfully processed: IMG_1850.JPG. Results: NERERE MAONG
INFO: Successfully processed: IMG_1811.JPG. Results: 
INFO: Successfully processed: IMG_1805.JPG. Results: 
INFO: Successfully processed: IMG_1758.JPG. Results: RAPNER WILLIAM OHIO CO.G INF 5
INFO: Successfully processed: IMG_1743.JPG. Results: SCEST TAICHOL SS Ne 185
INFO: Successfully processed: IMG_1765.JPG. Results: SASPRAI STAKEN NY
INFO: Successfully processed: IMG_1687.JPG. Results: MICHE
INFO: Successfully processed: IMG_1810.JPG. Results: LEINI co.13 WEMCOHININ SIPANINE
INFO: Successfully processed: IMG_1861.JPG. Results: SHUCK WILLIAM US ARMY CPL 19 SEP IRGI
INFO: Successfully processed: IMG_1686.JPG. Results: GERIGE ELORE 90 COKK PAINE
INFO: Successfully processed: IMG_1724.JPG. Results: NE HEATE RAWD 8 BIGKEONO 186 PVT us WIONGI 20100
INFO: Successfully processed: IMG_1754.JPG. Results: CONN JICHALL LAKINEN USSOLDIER
INFO: Successfully processed: IMG_1769.JPG. Results: UNKNOWN U.S.SOLDIER ANTAN
INFO: Successfully processed: IMG_1883.JPG. Results: 
INFO: Successfully processed: IMG_1707.JPG. Results: MILLIMM HANBOLD BADMAN CO.K INF
INFO: Successfully processed: IMG_1749.JPG. Results: INIC HENGEY NE WO
INFO: Successfully processed: IMG_1785.JPG. Results: CO.G NXINE 102 BLODMEIAD MILLINM
INFO: Successfully processed: IMG_1799.JPG. Results: BERKER
INFO: Successfully processed: IMG_1814.JPG. Results: CEO.VOLK IS ARM
INFO: Successfully processed: IMG_1727.JPG. Results: 86 NY JARANE #### CORPIC LAINEL
INFO: Successfully processed: IMG_1699.JPG. Results: 58 WOTA SHOMAS UONI MOGRAGKEN HULI ALOMAT 28 ES couc NOY.INE CO.
INFO: Successfully processed: IMG_1821.JPG. Results: NE SHACELLANG ###########################
INFO: Successfully processed: IMG_1744.JPG. Results: NE
INFO: Successfully processed: IMG_1775.JPG. Results: CHINING CONAINAN
INFO: Successfully processed: IMG_1780.JPG. Results: 148 ME C.KEYES
INFO: Successfully processed: IMG_1823.JPG. Results: UNKNOIN U.S.SOLDIER
INFO: Successfully processed: IMG_1856.JPG. Results: CHANCH SCLDIER
INFO: Successfully processed: IMG_1752.JPG. Results: USSOLDIER UNANONN
INFO: Successfully processed: IMG_1778.JPG. Results: HAVNER HAROID
INFO: Successfully processed: IMG_1819.JPG. Results: HESSELIRO FREDK 113 N.Ya WILLIAN
INFO: Successfully processed: IMG_1746.JPG. Results: ME LIEUT FARYON 162 ISSOLDIET
INFO: Successfully processed: IMG_1845.JPG. Results: WANTAN CHHAITE
INFO: Successfully processed: IMG_1741.JPG. Results: ORIC CREE
INFO: Successfully processed: IMG_1779.JPG. Results: DAND NO SEETIN MITI
INFO: Successfully processed: IMG_1694.JPG. Results: GASSIUS GRIGE 186 ARMY 17 JUN US PVT EPILD DONG QORE PITE CO.L CAV
INFO: Successfully processed: IMG_1745.JPG. Results: 26 RAND AUG BICKFORO 186 ARMY PVT US
INFO: Successfully processed: IMG_1713.JPG. Results: BARKER ENING IND DANIS TITILI
INFO: Successfully processed: IMG_1880.JPG. Results: 
INFO: Successfully processed: IMG_1728.JPG. Results: LANGER CARE
INFO: Successfully processed: IMG_1864.JPG. Results: 219 CEO.VOLK PA
INFO: Successfully processed: IMG_1874.JPG. Results: FUST EHILIP PVT US ARMY
INFO: Successfully processed: IMG_1712.JPG. Results: PAIRCHILI CAMUEL 98 GO.B FIAK WILITA GUEL ERIT U.S.A PA-INE 171 173
INFO: Successfully processed: IMG_1737.JPG. Results: IPERER EARIDA DURHAM JOHN PVT CO D TO CHIO INE
INFO: Successfully processed: IMG_1715.JPG. Results: GOSED NO.C P CSSOLD 19 #### 2
INFO: Successfully processed: IMG_1836.JPG. Results: BUTION OALID
INFO: Successfully processed: IMG_1834.JPG. Results: 
INFO: Successfully processed: IMG_1870.JPG. Results: STURMS UAMIES
INFO: Successfully processed: IMG_1768.JPG. Results: FLLL THOMAS 28 GO.O NY.INFI
INFO: Successfully processed: IMG_1859.JPG. Results: TOUNG WO 214
INFO: Successfully processed: IMG_1706.JPG. Results: WOSTE 65 DERIDA WANG
INFO: Successfully processed: IMG_1848.JPG. Results: CERMIAN SILAS NGER 006
INFO: Successfully processed: IMG_1770.JPG. Results: DOHE VOGRAGKEN GO.J 68 LLL IFF
INFO: Successfully processed: IMG_1857.JPG. Results: OUN OTTEL CO.B 33 MANGR
INFO: Successfully processed: IMG_1877.JPG. Results: MICLIRCHETEI N.Y
INFO: Successfully processed: IMG_1828.JPG. Results: GAORES CO.C STERN ING
INFO: Successfully processed: IMG_1871.JPG. Results: ISINGHEN BUSSED 226 0816 INDINE
INFO: Successfully processed: IMG_1844.JPG. Results: MICH MARENIN
INFO: Successfully processed: IMG_1689.JPG. Results: 
INFO: Successfully processed: IMG_1774.JPG. Results: LUHN EIPYLE GHIO CO.1 GAV E
INFO: Successfully processed: IMG_1692.JPG. Results: UNKNOWN U.S.SOLDIER ROER PIVI
INFO: Successfully processed: IMG_1826.JPG. Results: NOY CAZE
INFO: Successfully processed: IMG_1827.JPG. Results: PALIK HANNACAN CHIO
INFO: Successfully processed: IMG_1854.JPG. Results: RNGASTER SHAS ME 218
INFO: Successfully processed: IMG_1863.JPG. Results: SOLDIERI UNKNOW
INFO: Successfully processed: IMG_1771.JPG. Results: BICKAR MOS 151
INFO: Successfully processed: IMG_1722.JPG. Results: EDKID MUNSON NY DEIGKFORD 1862 SUB 26 ETT DINY
INFO: Successfully processed: IMG_1784.JPG. Results: DIED MEMONY ON EV DIVIE DIREET ########################### ########################### ########################### ME Motlor Mormitinan #######
INFO: Successfully processed: IMG_1860.JPG. Results: BRESTER H PA
INFO: Successfully processed: IMG_1756.JPG. Results: KETIEN UANES 12 NEW
INFO: Successfully processed: IMG_1693.JPG. Results: STEWARD LAGRON MING MINTER LONAING
INFO: Successfully processed: IMG_1865.JPG. Results: GRESTEN TREE MICH
INFO: Successfully processed: IMG_1730.JPG. Results: ERITR MARE
INFO: Successfully processed: IMG_1853.JPG. Results: (AUDUSTUS COFENAN 209
INFO: Successfully processed: IMG_1772.JPG. Results: UNKNOW U.S.SOLDIER
INFO: Successfully processed: IMG_1820.JPG. Results: JICILARKHAN 112
INFO: Successfully processed: IMG_1873.JPG. Results: EOUCHER AERAM
INFO: Successfully processed: IMG_1882.JPG. Results: sautes HUANARD ONIO 205 SHONGICER
INFO: Successfully processed: IMG_1802.JPG. Results: SELDE WITINO
INFO: Successfully processed: IMG_1732.JPG. Results: PA BRE VIBE MESHARENIED DORS
INFO: Successfully processed: IMG_1815.JPG. Results: 
INFO: Successfully processed: IMG_1792.JPG. Results: GR WEBER
INFO: Successfully processed: IMG_1762.JPG. Results: IMILLIAM COKK GANBOLDO MASS 2 INF
INFO: Successfully processed: IMG_1849.JPG. Results: ####### SSELIN
INFO: Successfully processed: IMG_1869.JPG. Results: WERE SO
INFO: Successfully processed: IMG_1680.JPG. Results: CORAR SUITE 40 RNINHARE MRING
INFO: Successfully processed: IMG_1684.JPG. Results: MICH PEBIA cite DICD 101 BAYON ITLOERIEK
INFO: Successfully processed: IMG_1720.JPG. Results: WEEKS GEORGE US PVT 186 10 ARM H JUL
INFO: Successfully processed: IMG_1703.JPG. Results: JONEREN ### 52
INFO: Successfully processed: IMG_1797.JPG. Results: 
INFO: Successfully processed: IMG_1766.JPG. Results: WREETER NO 162 TOLE
INFO: Successfully processed: IMG_1818.JPG. Results: N.1 HANG CORPLO
INFO: Successfully processed: IMG_1807.JPG. Results: 
INFO: Successfully processed: IMG_1726.JPG. Results: POKAND NA BENG ## MAOKIOL SOLIST
INFO: Successfully processed: IMG_1876.JPG. Results: POUCHER AENAW ###### FV
INFO: Successfully processed: IMG_1773.JPG. Results: BAREED 055 USA
INFO: Successfully processed: IMG_1824.JPG. Results: NE SANINAUS CHAN WANT
INFO: Successfully processed: IMG_1698.JPG. Results: CHFULIDIRR IMILLIAN 82 CO-A NYINE USSOLDIEC ###########################
INFO: Successfully processed: IMG_1800.JPG. Results: FIADA PELEB GOS MENG
INFO: Successfully processed: IMG_1847.JPG. Results: 
INFO: Successfully processed: IMG_1731.JPG. Results: OHIO CANKALE 30 MARGAN BA SALIAN
INFO: Successfully processed: IMG_1747.JPG. Results: STURTEATI 181 FESOLDIE NON
INFO: Successfully processed: IMG_1879.JPG. Results: 
INFO: Successfully processed: IMG_1841.JPG. Results: OBIO
INFO: Successfully processed: IMG_1690.JPG. Results: CABIELT IAHINIE
INFO: Successfully processed: IMG_1822.JPG. Results: MCNEAL EDWD MICH ########################### ###########################
INFO: Successfully processed: IMG_1759.JPG. Results: MUREAY WIO
INFO: Successfully processed: IMG_1832.JPG. Results: JOSEPH MOLEMORE 101
INFO: Successfully processed: IMG_1837.JPG. Results: ME
INFO: Successfully processed: IMG_1763.JPG. Results: SHIO GULIS DURIA 105
INFO: Successfully processed: IMG_1825.JPG. Results: LEWIO WLA #####
INFO: Successfully processed: IMG_1733.JPG. Results: ELIL ello IMAOUAN WALITIN SOUTHANGR CALLANK NOV 862
INFO: Successfully processed: IMG_1681.JPG. Results: BRINK DAVIO JUNE 186 CAV MILLE MICH 4 ILAMRENGEO N WILLIAN SOHUSDA
INFO: Successfully processed: IMG_1682.JPG. Results: GONDI ROBERT RES INE BOU INLCERI CIAA BAYAN
INFO: Successfully processed: IMG_1719.JPG. Results: DELMORE ROBINSDI ARMY US CPL 186 9 ONIN JUL STOLT 130
INFO: Successfully processed: IMG_1790.JPG. Results: SMITE SELERR CO.D PA-INE
INFO: Successfully processed: IMG_1716.JPG. Results: AUGHAEL CO.B SHOMADE 45
INFO: Successfully processed: IMG_1717.JPG. Results: 76 GORPL KELLER BEO N.Y USSOLDILE TANTONT U
INFO: Successfully processed: IMG_1735.JPG. Results: WARINIER CONN ALES CORPP 186
INFO: Successfully processed: IMG_1830.JPG. Results: LANG MARSP
INFO: Successfully processed: IMG_1734.JPG. Results: SOUTHWICK WILITAM ARMY 186 US PVT NOV B JOHN
INFO: Successfully processed: IMG_1750.JPG. Results: NAH MANEWE
INFO: Successfully processed: IMG_1835.JPG. Results: 
INFO: Successfully processed: IMG_1700.JPG. Results: GHOUI USSOLDIEN ###########################
INFO: Successfully processed: IMG_1798.JPG. Results: ERIN
INFO: Successfully processed: IMG_1695.JPG. Results: COX 186 PVT JUN US 17 ARMY WILL USSOLDIER UNKNOW wes EPILE CO.L AM
INFO: Successfully processed: IMG_1729.JPG. Results: WALA RORENANT TIIN EL CORPU
INFO: Successfully processed: IMG_1714.JPG. Results: CAMOB LIMK WILLIAM PEARGT NE
INFO: Successfully processed: IMG_1831.JPG. Results: PANG AR
INFO: Successfully processed: IMG_1867.JPG. Results: CHUROIL GASSIMERE 222
INFO: Successfully processed: IMG_1696.JPG. Results: NATHAN KLDEK 186 US ARMAY 18 JUN PVT
INFO: Successfully processed: IMG_1833.JPG. Results: CORINANI
INFO: Successfully processed: IMG_1755.JPG. Results: WILLIAM LAK 170 PA rssclone ###########################
INFO: Successfully processed: IMG_1782.JPG. Results: HANKER HAROLD CERYLE
INFO: Successfully processed: IMG_1688.JPG. Results: EISENBERG HARRY US CAPT 1967 AUG 1910 NAVY VIETNAM WORLD WAR 13 MAR M C.KEYES 4
INFO: Successfully processed: IMG_1794.JPG. Results: POHELD OPA
INFO: Successfully processed: IMG_1862.JPG. Results: ZUNDLOCK FERDINAND SEP ARMY PVT US 186 3
INFO: Successfully processed: IMG_1740.JPG. Results: CORPIL ##### W.8-818
INFO: Successfully processed: IMG_1777.JPG. Results: GEARK THANG
INFO: Successfully processed: IMG_1697.JPG. Results: VOGRAGKTAN DORA INKNOW USSOLDIER EE CO.J WEINHOR
INFO: Successfully processed: IMG_1858.JPG. Results: GEBS MASS 213 AUL
INFO: Successfully processed: IMG_1704.JPG. Results: OHIO USBELI SINGES 53 BLISI CAGPER
INFO: Successfully processed: IMG_1855.JPG. Results: USSOLDIER UNKVON
INFO: Successfully processed: IMG_1803.JPG. Results: 
INFO: Successfully processed: IMG_1783.JPG. Results: WARKIN SHALANS VOD
INFO: Successfully processed: IMG_1711.JPG. Results: PAFNER MILLIAM oflo co.c DANIE SONIO INE TESLIN
INFO: Successfully processed: IMG_1751.JPG. Results: KINGLOM IMICHALE 46 PALANE CO.B anon
INFO: Successfully processed: IMG_1723.JPG. Results: NIL CORARI BROWIN 82
INFO: Successfully processed: IMG_1812.JPG. Results: 
INFO: Successfully processed: IMG_1851.JPG. Results: TRANG DARLI SIS
INFO: Successfully processed: IMG_1796.JPG. Results: LAWE NGHO
INFO: Successfully processed: IMG_1809.JPG. Results: DANIEL ROKE BTRY ME.LTARTY 180
INFO: Successfully processed: IMG_1787.JPG. Results: JOHNISDI MILLIAN CO.O 89 PAINE ###########################
INFO: Successfully processed: IMG_1872.JPG. Results: BLEACKIOUST
INFO: Successfully processed: IMG_1709.JPG. Results: BAPHIR WILLIAM CRECORI AILAN SONIO INF CO.9 13 NA
INFO: Successfully processed: IMG_1801.JPG. Results: 
INFO: Successfully processed: IMG_1878.JPG. Results: UNKNOWN SSSOLDIER
INFO: Successfully processed: IMG_1793.JPG. Results: DANKIO GRORESE
INFO: Successfully processed: IMG_1788.JPG. Results: MISH LIOLD PARONG 000k
INFO: Successfully processed: IMG_1718.JPG. Results: NT WINGHACL KINGLOW SCTE CO.B PHELOS 46 4S PA-INE
INFO: Successfully processed: IMG_1721.JPG. Results: OUSENBERRY HENRY US 186 JUL PVT ARMY 9 IDANTE seg MARERERENT
INFO: Successfully processed: IMG_1789.JPG. Results: MILLER LAMENNOE 39 PA LAILIN
INFO: Successfully processed: IMG_1868.JPG. Results: CANAS VOUNGCLENG UAMES STURMS PMT MD USARAN
INFO: Successfully processed: IMG_1705.JPG. Results: UAISE WAITON UAILLIN NI LANGDID CO.K INF
INFO: Successfully processed: IMG_1753.JPG. Results: OHIO AVEX WE TIER 115
INFO: Successfully processed: IMG_1804.JPG. Results: 
INFO: Successfully processed: IMG_1813.JPG. Results: CEO.VOLK
INFO: Successfully processed: IMG_1725.JPG. Results: RANILEY DHIO IMARTIN MINGE 69
INFO: Successfully processed: IMG_1683.JPG. Results: 103 CO.E NAINE WILIANA BARNARD MILLIAN MORNIGDA WAILINE 843615 #BLOOMALLID ION NXINEI
INFO: Successfully processed: IMG_1817.JPG. Results: 
INFO: Successfully processed: IMG_1742.JPG. Results: ELITE INIGLIL NELI
INFO: Successfully processed: IMG_1776.JPG. Results: ROBT MORAR
INFO: Successfully processed: IMG_1843.JPG. Results: MASS STO MICH SORD ANLEN
INFO: Finished processing current image set. Time taken: 1434.25s
